  MyForm.cpp
C:\Program Files (x86)\Windows Kits\10\Include\10.0.19041.0\um\objidl.h(12152,71): error C3699: *: это косвенное обращение невозможно использовать для типа "pipka::IDataObject"
C:\Program Files (x86)\Windows Kits\10\Include\10.0.19041.0\um\objidl.h(12152,71): message : для продолжения работы компилятор заменил "*" на "^"
C:\Program Files (x86)\Windows Kits\10\Include\10.0.19041.0\um\objidl.h(12167,5): error C2371: pipka::IDataObject: переопределение; различные базовые типы
C:\Program Files (x86)\Windows Kits\10\Include\10.0.19041.0\um\objidl.h(590): message : см. объявление "pipka::IDataObject"
C:\Program Files (x86)\Windows Kits\10\Include\10.0.19041.0\um\objidl.h(12342,33): error C3699: *: это косвенное обращение невозможно использовать для типа "pipka::IDataObject"
C:\Program Files (x86)\Windows Kits\10\Include\10.0.19041.0\um\objidl.h(12342,33): message : для продолжения работы компилятор заменил "*" на "^"
C:\Program Files (x86)\Windows Kits\10\Include\10.0.19041.0\um\objidl.h(12355,33): error C3699: *: это косвенное обращение невозможно использовать для типа "pipka::IDataObject"
C:\Program Files (x86)\Windows Kits\10\Include\10.0.19041.0\um\objidl.h(12355,33): message : для продолжения работы компилятор заменил "*" на "^"
C:\Program Files (x86)\Windows Kits\10\Include\10.0.19041.0\um\objidl.h(12368,33): error C3699: *: это косвенное обращение невозможно использовать для типа "pipka::IDataObject"
C:\Program Files (x86)\Windows Kits\10\Include\10.0.19041.0\um\objidl.h(12368,33): message : для продолжения работы компилятор заменил "*" на "^"
C:\Program Files (x86)\Windows Kits\10\Include\10.0.19041.0\um\objidl.h(12416,47): error C3699: *: это косвенное обращение невозможно использовать для типа "pipka::IDataObject"
C:\Program Files (x86)\Windows Kits\10\Include\10.0.19041.0\um\objidl.h(12416,47): message : для продолжения работы компилятор заменил "*" на "^"
C:\Program Files (x86)\Windows Kits\10\Include\10.0.19041.0\um\objidl.h(12436,43): error C3699: *: это косвенное обращение невозможно использовать для типа "pipka::IDataObject"
C:\Program Files (x86)\Windows Kits\10\Include\10.0.19041.0\um\objidl.h(12436,43): message : для продолжения работы компилятор заменил "*" на "^"
C:\Program Files (x86)\Windows Kits\10\Include\10.0.19041.0\um\objidl.h(12547,55): error C3699: *: это косвенное обращение невозможно использовать для типа "pipka::IMessageFilter"
C:\Program Files (x86)\Windows Kits\10\Include\10.0.19041.0\um\objidl.h(12547,55): message : для продолжения работы компилятор заменил "*" на "^"
C:\Program Files (x86)\Windows Kits\10\Include\10.0.19041.0\um\objidl.h(12597,5): error C2371: pipka::IMessageFilter: переопределение; различные базовые типы
C:\Program Files (x86)\Windows Kits\10\Include\10.0.19041.0\um\objidl.h(604): message : см. объявление "pipka::IMessageFilter"
C:\Program Files (x86)\Windows Kits\10\Include\10.0.19041.0\um\objidl.h(15087,23): error C3699: *: это косвенное обращение невозможно использовать для типа "pipka::IDataObject"
C:\Program Files (x86)\Windows Kits\10\Include\10.0.19041.0\um\objidl.h(15087,23): message : для продолжения работы компилятор заменил "*" на "^"
C:\Program Files (x86)\Windows Kits\10\Include\10.0.19041.0\um\objidl.h(15095,33): error C3699: *: это косвенное обращение невозможно использовать для типа "pipka::IDataObject"
C:\Program Files (x86)\Windows Kits\10\Include\10.0.19041.0\um\objidl.h(15095,33): message : для продолжения работы компилятор заменил "*" на "^"
C:\Program Files (x86)\Windows Kits\10\Include\10.0.19041.0\um\objidl.h(15100,23): error C3699: *: это косвенное обращение невозможно использовать для типа "pipka::IDataObject"
C:\Program Files (x86)\Windows Kits\10\Include\10.0.19041.0\um\objidl.h(15100,23): message : для продолжения работы компилятор заменил "*" на "^"
C:\Program Files (x86)\Windows Kits\10\Include\10.0.19041.0\um\objidl.h(15108,33): error C3699: *: это косвенное обращение невозможно использовать для типа "pipka::IDataObject"
C:\Program Files (x86)\Windows Kits\10\Include\10.0.19041.0\um\objidl.h(15108,33): message : для продолжения работы компилятор заменил "*" на "^"
C:\Program Files (x86)\Windows Kits\10\Include\10.0.19041.0\um\objidl.h(15113,23): error C3699: *: это косвенное обращение невозможно использовать для типа "pipka::IDataObject"
C:\Program Files (x86)\Windows Kits\10\Include\10.0.19041.0\um\objidl.h(15113,23): message : для продолжения работы компилятор заменил "*" на "^"
C:\Program Files (x86)\Windows Kits\10\Include\10.0.19041.0\um\objidl.h(15122,33): error C3699: *: это косвенное обращение невозможно использовать для типа "pipka::IDataObject"
C:\Program Files (x86)\Windows Kits\10\Include\10.0.19041.0\um\objidl.h(15122,33): message : для продолжения работы компилятор заменил "*" на "^"
C:\Program Files (x86)\Windows Kits\10\Include\10.0.19041.0\um\oleidl.h(423,70): error C3699: *: это косвенное обращение невозможно использовать для типа "pipka::IDataObject"
C:\Program Files (x86)\Windows Kits\10\Include\10.0.19041.0\um\oleidl.h(423,70): message : для продолжения работы компилятор заменил "*" на "^"
C:\Program Files (x86)\Windows Kits\10\Include\10.0.19041.0\um\oleidl.h(1230,70): error C3699: *: это косвенное обращение невозможно использовать для типа "pipka::IDataObject"
C:\Program Files (x86)\Windows Kits\10\Include\10.0.19041.0\um\oleidl.h(1230,70): message : для продолжения работы компилятор заменил "*" на "^"
C:\Program Files (x86)\Windows Kits\10\Include\10.0.19041.0\um\oleidl.h(1236,72): error C3699: *: это косвенное обращение невозможно использовать для типа "pipka::IDataObject"
C:\Program Files (x86)\Windows Kits\10\Include\10.0.19041.0\um\oleidl.h(1236,72): message : для продолжения работы компилятор заменил "*" на "^"
C:\Program Files (x86)\Windows Kits\10\Include\10.0.19041.0\um\oleidl.h(3468,71): error C3699: *: это косвенное обращение невозможно использовать для типа "pipka::IDropTarget"
C:\Program Files (x86)\Windows Kits\10\Include\10.0.19041.0\um\oleidl.h(3468,71): message : для продолжения работы компилятор заменил "*" на "^"
C:\Program Files (x86)\Windows Kits\10\Include\10.0.19041.0\um\oleidl.h(3508,5): error C2371: pipka::IDropTarget: переопределение; различные базовые типы
C:\Program Files (x86)\Windows Kits\10\Include\10.0.19041.0\um\oleidl.h(184): message : см. объявление "pipka::IDropTarget"
C:\Program Files (x86)\Windows Kits\10\Include\10.0.19041.0\um\servprov.h(91,81): error C3699: *: это косвенное обращение невозможно использовать для типа "pipka::IServiceProvider"
C:\Program Files (x86)\Windows Kits\10\Include\10.0.19041.0\um\servprov.h(91,81): message : для продолжения работы компилятор заменил "*" на "^"
C:\Program Files (x86)\Windows Kits\10\Include\10.0.19041.0\um\servprov.h(98,9): error C2371: pipka::IServiceProvider: переопределение; различные базовые типы
C:\Program Files (x86)\Windows Kits\10\Include\10.0.19041.0\um\servprov.h(44): message : см. объявление "pipka::IServiceProvider"
C:\Program Files (x86)\Windows Kits\10\Include\10.0.19041.0\um\servprov.h(115,47): error C3699: *: это косвенное обращение невозможно использовать для типа "pipka::IServiceProvider"
C:\Program Files (x86)\Windows Kits\10\Include\10.0.19041.0\um\servprov.h(115,47): message : для продолжения работы компилятор заменил "*" на "^"
C:\Program Files (x86)\Windows Kits\10\Include\10.0.19041.0\um\servprov.h(239,28): error C3699: *: это косвенное обращение невозможно использовать для типа "pipka::IServiceProvider"
C:\Program Files (x86)\Windows Kits\10\Include\10.0.19041.0\um\servprov.h(239,28): message : для продолжения работы компилятор заменил "*" на "^"
C:\Program Files (x86)\Windows Kits\10\Include\10.0.19041.0\um\servprov.h(249,38): error C3699: *: это косвенное обращение невозможно использовать для типа "pipka::IServiceProvider"
C:\Program Files (x86)\Windows Kits\10\Include\10.0.19041.0\um\servprov.h(249,38): message : для продолжения работы компилятор заменил "*" на "^"
C:\Program Files (x86)\Windows Kits\10\Include\10.0.19041.0\um\urlmon.h(6870,70): error C3699: *: это косвенное обращение невозможно использовать для типа "pipka::IServiceProvider"
C:\Program Files (x86)\Windows Kits\10\Include\10.0.19041.0\um\urlmon.h(6870,70): message : для продолжения работы компилятор заменил "*" на "^"
C:\Program Files (x86)\Windows Kits\10\Include\10.0.19041.0\um\urlmon.h(6872,66): error C3699: *: это косвенное обращение невозможно использовать для типа "pipka::IServiceProvider"
C:\Program Files (x86)\Windows Kits\10\Include\10.0.19041.0\um\urlmon.h(6872,66): message : для продолжения работы компилятор заменил "*" на "^"
C:\Program Files (x86)\Windows Kits\10\Include\10.0.19041.0\um\ole2.h(210,100): error C3699: *: это косвенное обращение невозможно использовать для типа "pipka::IDataObject"
C:\Program Files (x86)\Windows Kits\10\Include\10.0.19041.0\um\ole2.h(210,100): message : для продолжения работы компилятор заменил "*" на "^"
C:\Users\227209\Desktop\project_pipka\pipka\pipka\MyForm.h(3): fatal error C1075: "{": не найдена несоответствующая лексема
